<?xml version="1.0" encoding="UTF-8"?>
<!-- Generated by org.testng.reporters.JUnitReportReporter -->
<testsuite hostname="Sameer-PC" name="settings.Tax_settings" tests="1" failures="0" timestamp="23 Dec 2014 18:58:17 GMT" time="7.958" errors="0">
  <testcase name="Tax_settings_test" time="7.958" classname="settings.Tax_settings"/>
</testsuite> <!-- settings.Tax_settings -->
