<?xml version="1.0" encoding="UTF-8"?>
<!-- Generated by org.testng.reporters.JUnitReportReporter -->
<testsuite hostname="Sameer-PC" name="seo.Customer_Support_SEO" tests="1" failures="0" timestamp="23 Dec 2014 18:58:17 GMT" time="3.880" errors="0">
  <testcase name="Customer_Support_SEO_test" time="3.880" classname="seo.Customer_Support_SEO"/>
</testsuite> <!-- seo.Customer_Support_SEO -->
