<?xml version="1.0" encoding="UTF-8"?>
<!-- Generated by org.testng.reporters.JUnitReportReporter -->
<testsuite hostname="Sameer-PC" name="content.Franchise_Interest_Submissions" tests="1" failures="0" timestamp="23 Dec 2014 18:58:17 GMT" time="2.388" errors="0">
  <testcase name="Franchise" time="2.388" classname="content.Franchise_Interest_Submissions"/>
</testsuite> <!-- content.Franchise_Interest_Submissions -->
