<?xml version="1.0" encoding="UTF-8"?>
<!-- Generated by org.testng.reporters.JUnitReportReporter -->
<testsuite hostname="Sameer-PC" name="content.FranchiseInterestItems" tests="1" failures="0" timestamp="23 Dec 2014 18:58:18 GMT" time="3.070" errors="0">
  <testcase name="FranchiseInterestItems_test" time="3.070" classname="content.FranchiseInterestItems"/>
</testsuite> <!-- content.FranchiseInterestItems -->
