<?xml version="1.0" encoding="UTF-8"?>
<!-- Generated by org.testng.reporters.JUnitReportReporter -->
<testsuite hostname="Sameer-PC" name="content.Testimonials" tests="1" failures="0" timestamp="23 Dec 2014 18:58:17 GMT" time="5.344" errors="0">
  <testcase name="Testimonials_test" time="5.344" classname="content.Testimonials"/>
</testsuite> <!-- content.Testimonials -->
