<?xml version="1.0" encoding="UTF-8"?>
<!-- Generated by org.testng.reporters.JUnitReportReporter -->
<testsuite hostname="Sameer-PC" name="content.Homepage_articles" tests="1" failures="0" timestamp="23 Dec 2014 18:58:17 GMT" time="3.679" errors="0">
  <testcase name="Homepage_articles_test" time="3.679" classname="content.Homepage_articles"/>
</testsuite> <!-- content.Homepage_articles -->
