<?xml version="1.0" encoding="UTF-8"?>
<!-- Generated by org.testng.reporters.JUnitReportReporter -->
<testsuite hostname="Sameer-PC" name="content.Email_Blasts" tests="1" failures="0" timestamp="23 Dec 2014 18:58:18 GMT" time="3.650" errors="0">
  <testcase name="Email_Blasts_test" time="3.650" classname="content.Email_Blasts"/>
</testsuite> <!-- content.Email_Blasts -->
