<?xml version="1.0" encoding="UTF-8"?>
<!-- Generated by org.testng.reporters.JUnitReportReporter -->
<testsuite hostname="Sameer-PC" name="content.Careers" tests="1" failures="0" timestamp="23 Dec 2014 18:58:17 GMT" time="3.857" errors="0">
  <testcase name="Careers_test" time="3.857" classname="content.Careers"/>
</testsuite> <!-- content.Careers -->
