<?xml version="1.0" encoding="UTF-8"?>
<!-- Generated by org.testng.reporters.JUnitReportReporter -->
<testsuite hostname="Sameer-PC" name="content.Careers_Submissions" tests="1" failures="0" timestamp="23 Dec 2014 18:58:17 GMT" time="4.095" errors="0">
  <testcase name="Careers_Submissions_test" time="4.095" classname="content.Careers_Submissions"/>
</testsuite> <!-- content.Careers_Submissions -->
