<?xml version="1.0" encoding="UTF-8"?>
<!-- Generated by org.testng.reporters.JUnitReportReporter -->
<testsuite hostname="Sameer-PC" name="content.Vision_History" tests="1" failures="0" timestamp="23 Dec 2014 18:58:17 GMT" time="3.846" errors="0">
  <testcase name="vision" time="3.846" classname="content.Vision_History"/>
</testsuite> <!-- content.Vision_History -->
