<?xml version="1.0" encoding="UTF-8"?>
<!-- Generated by org.testng.reporters.JUnitReportReporter -->
<testsuite hostname="Sameer-PC" name="content.News_articles" tests="1" failures="0" timestamp="23 Dec 2014 18:58:18 GMT" time="3.505" errors="0">
  <testcase name="News_articles_test" time="3.505" classname="content.News_articles"/>
</testsuite> <!-- content.News_articles -->
