<?xml version="1.0" encoding="UTF-8"?>
<!-- Generated by org.testng.reporters.JUnitReportReporter -->
<testsuite hostname="Sameer-PC" name="content.Animated_banners" tests="1" failures="0" timestamp="23 Dec 2014 18:58:17 GMT" time="4.358" errors="0">
  <testcase name="Animated_banners_test" time="4.358" classname="content.Animated_banners"/>
</testsuite> <!-- content.Animated_banners -->
