<?xml version="1.0" encoding="UTF-8"?>
<!-- Generated by org.testng.reporters.JUnitReportReporter -->
<testsuite hostname="Sameer_Shaikh" name="content.Experience_Ratings" tests="1" failures="0" timestamp="3 Nov 2014 10:07:42 GMT" time="2.591" errors="0">
  <testcase name="Experience_Ratings_test" time="2.591" classname="content.Experience_Ratings"/>
</testsuite> <!-- content.Experience_Ratings -->
