<?xml version="1.0" encoding="UTF-8"?>
<!-- Generated by org.testng.reporters.JUnitReportReporter -->
<testsuite hostname="Sameer-PC" name="content.Franchise_Interest_FormAreasOfInterest" tests="1" failures="0" timestamp="23 Dec 2014 18:58:17 GMT" time="5.461" errors="0">
  <testcase name="Franchise_Interest_FormAreasOfInterest_test" time="5.461" classname="content.Franchise_Interest_FormAreasOfInterest"/>
</testsuite> <!-- content.Franchise_Interest_FormAreasOfInterest -->
