<?xml version="1.0" encoding="UTF-8"?>
<!-- Generated by org.testng.reporters.JUnitReportReporter -->
<testsuite hostname="Sameer-PC" name="content.Brochure_File" tests="1" failures="0" timestamp="23 Dec 2014 18:58:18 GMT" time="4.339" errors="0">
  <testcase name="Brochure_File_test" time="4.339" classname="content.Brochure_File"/>
</testsuite> <!-- content.Brochure_File -->
