<?xml version="1.0" encoding="UTF-8"?>
<!-- Generated by org.testng.reporters.JUnitReportReporter -->
<testsuite hostname="Sameer-PC" name="seo.Contact_Us_SEO" tests="1" failures="0" timestamp="23 Dec 2014 18:58:17 GMT" time="4.721" errors="0">
  <testcase name="Contact_Us_SEO_test" time="4.721" classname="seo.Contact_Us_SEO"/>
</testsuite> <!-- seo.Contact_Us_SEO -->
