<?xml version="1.0" encoding="UTF-8"?>
<!-- Generated by org.testng.reporters.JUnitReportReporter -->
<testsuite hostname="Sameer-PC" name="seo.Cart_SEO" tests="1" failures="0" timestamp="23 Dec 2014 18:58:17 GMT" time="5.247" errors="0">
  <testcase name="Cart_SEO_test" time="5.247" classname="seo.Cart_SEO"/>
</testsuite> <!-- seo.Cart_SEO -->
