<?xml version="1.0" encoding="UTF-8"?>
<!-- Generated by org.testng.reporters.JUnitReportReporter -->
<testsuite hostname="Sameer-PC" name="seo.Promotions_SEO" tests="1" failures="0" timestamp="23 Dec 2014 18:58:17 GMT" time="4.165" errors="0">
  <testcase name="Promotions_SEO_test" time="4.165" classname="seo.Promotions_SEO"/>
</testsuite> <!-- seo.Promotions_SEO -->
