<?xml version="1.0" encoding="UTF-8"?>
<!-- Generated by org.testng.reporters.JUnitReportReporter -->
<testsuite hostname="Sameer-PC" name="HomePageTesting.HomeTest" tests="1" failures="0" timestamp="23 Dec 2014 18:58:17 GMT" time="0.085" errors="0">
  <testcase name="HomeTesting" time="0.085" classname="HomePageTesting.HomeTest"/>
</testsuite> <!-- HomePageTesting.HomeTest -->
