<?xml version="1.0" encoding="UTF-8"?>
<!-- Generated by org.testng.reporters.JUnitReportReporter -->
<testsuite hostname="Sameer-PC" name="settings.Store_settings" tests="1" failures="0" timestamp="23 Dec 2014 18:58:17 GMT" time="5.756" errors="0">
  <testcase name="Store_settings_test" time="5.756" classname="settings.Store_settings"/>
</testsuite> <!-- settings.Store_settings -->
