<?xml version="1.0" encoding="UTF-8"?>
<!-- Generated by org.testng.reporters.JUnitReportReporter -->
<testsuite hostname="Sameer-PC" name="seo.News_SEO" tests="1" failures="0" timestamp="23 Dec 2014 18:58:17 GMT" time="4.698" errors="0">
  <testcase name="News_SEO_test" time="4.698" classname="seo.News_SEO"/>
</testsuite> <!-- seo.News_SEO -->
