<?xml version="1.0" encoding="UTF-8"?>
<!-- Generated by org.testng.reporters.JUnitReportReporter -->
<testsuite hostname="Sameer-PC" name="content.Homepage_rotators" tests="1" failures="0" timestamp="23 Dec 2014 18:58:17 GMT" time="3.431" errors="0">
  <testcase name="Homepage_rotators_test" time="3.431" classname="content.Homepage_rotators"/>
</testsuite> <!-- content.Homepage_rotators -->
