<?xml version="1.0" encoding="UTF-8"?>
<!-- Generated by org.testng.reporters.JUnitReportReporter -->
<testsuite hostname="Sameer-PC" name="settings.URL_forwarding" tests="1" failures="0" timestamp="23 Dec 2014 18:58:17 GMT" time="3.886" errors="0">
  <testcase name="URL_forwarding_test" time="3.886" classname="settings.URL_forwarding"/>
</testsuite> <!-- settings.URL_forwarding -->
