<?xml version="1.0" encoding="UTF-8"?>
<!-- Generated by org.testng.reporters.JUnitReportReporter -->
<testsuite hostname="Sameer-PC" name="content.Franchise_File" tests="1" failures="0" timestamp="23 Dec 2014 18:58:17 GMT" time="2.149" errors="0">
  <testcase name="Franchise_file" time="2.149" classname="content.Franchise_File"/>
</testsuite> <!-- content.Franchise_File -->
