<?xml version="1.0" encoding="UTF-8"?>
<!-- Generated by org.testng.reporters.JUnitReportReporter -->
<testsuite hostname="Sameer-PC" name="seo.VHV_Library_SEO_Upload" tests="1" failures="0" timestamp="23 Dec 2014 18:58:17 GMT" time="4.703" errors="0">
  <testcase name="VHV_Library_SEO_Upload_test" time="4.703" classname="seo.VHV_Library_SEO_Upload"/>
</testsuite> <!-- seo.VHV_Library_SEO_Upload -->
