<?xml version="1.0" encoding="UTF-8"?>
<!-- Generated by org.testng.reporters.JUnitReportReporter -->
<testsuite hostname="Sameer-PC" name="content.Franchise_Question_Manager" tests="2" failures="0" timestamp="23 Dec 2014 18:58:16 GMT" time="7.134" errors="0">
  <testcase name="Franchise_Question_Manager_test" time="3.434" classname="content.Franchise_Question_Manager"/>
  <testcase name="Franchise_Question_Manager_test" time="3.700" classname="content.Franchise_Question_Manager"/>
</testsuite> <!-- content.Franchise_Question_Manager -->
