<?xml version="1.0" encoding="UTF-8"?>
<!-- Generated by org.testng.reporters.JUnitReportReporter -->
<testsuite hostname="Sameer-PC" name="seo.Brochure_Request_SEO" tests="1" failures="0" timestamp="23 Dec 2014 18:58:17 GMT" time="4.647" errors="0">
  <testcase name="Brochure_Request_SEO_test" time="4.647" classname="seo.Brochure_Request_SEO"/>
</testsuite> <!-- seo.Brochure_Request_SEO -->
