<?xml version="1.0" encoding="UTF-8"?>
<!-- Generated by org.testng.reporters.JUnitReportReporter -->
<testsuite hostname="Sameer-PC" name="Loginpage_verification.LoginTest" tests="2" failures="0" timestamp="23 Dec 2014 18:58:17 GMT" time="9.894" errors="0">
  <testcase name="loginWithInValidUser" time="4.603" classname="Loginpage_verification.LoginTest"/>
  <testcase name="loginWithValidUser" time="5.291" classname="Loginpage_verification.LoginTest"/>
</testsuite> <!-- Loginpage_verification.LoginTest -->
