<?xml version="1.0" encoding="UTF-8"?>
<!-- Generated by org.testng.reporters.JUnitReportReporter -->
<testsuite hostname="Sameer-PC" name="settings.shopping_models" tests="1" failures="0" timestamp="23 Dec 2014 18:58:17 GMT" time="12.461" errors="0">
  <testcase name="shopping_models_test" time="12.461" classname="settings.shopping_models"/>
</testsuite> <!-- settings.shopping_models -->
