<?xml version="1.0" encoding="UTF-8"?>
<!-- Generated by org.testng.reporters.JUnitReportReporter -->
<testsuite hostname="Sameer-PC" name="seo.Global_SEO_Settings" tests="1" failures="0" timestamp="23 Dec 2014 18:58:17 GMT" time="4.449" errors="0">
  <testcase name="Global_SEO_Settings_test" time="4.449" classname="seo.Global_SEO_Settings"/>
</testsuite> <!-- seo.Global_SEO_Settings -->
