<?xml version="1.0" encoding="UTF-8"?>
<!-- Generated by org.testng.reporters.JUnitReportReporter -->
<testsuite hostname="Sameer-PC" name="settings.shipping_service" tests="1" failures="0" timestamp="23 Dec 2014 18:58:17 GMT" time="4.985" errors="0">
  <testcase name="shipping_service_test" time="4.985" classname="settings.shipping_service"/>
</testsuite> <!-- settings.shipping_service -->
