<?xml version="1.0" encoding="UTF-8"?>
<!-- Generated by org.testng.reporters.JUnitReportReporter -->
<testsuite hostname="Sameer-PC" name="content.Guest_Promotion_Text" tests="1" failures="0" timestamp="23 Dec 2014 18:58:17 GMT" time="4.333" errors="0">
  <testcase name="Guest_Promotion_Text_test" time="4.333" classname="content.Guest_Promotion_Text"/>
</testsuite> <!-- content.Guest_Promotion_Text -->
